<!DOCTYPE html PUBLIC "-//W3C//DTD XHTML 1.1//EN" "https://www.w3.org/TR/xhtml11/DTD/xhtml11.dtd">
<html xmlns="https://www.w3.org/1999/xhtml">
<head>
<meta http-equiv="content-type" content="text/html; charset=UTF-8"/>
<title>TestNG Report</title>
<style type="text/css">table {margin-bottom:10px;border-collapse:collapse;empty-cells:show}th,td {border:1px solid #009;padding:.25em .5em}th {vertical-align:bottom}td {vertical-align:top}table a {font-weight:bold}.stripe td {background-color: #E6EBF9}.num {text-align:right}.passedodd td {background-color: #3F3}.passedeven td {background-color: #0A0}.skippedodd td {background-color: #DDD}.skippedeven td {background-color: #CCC}.failedodd td,.attn {background-color: #F33}.failedeven td,.stripe .attn {background-color: #D00}.stacktrace {white-space:pre;font-family:monospace}.totop {font-size:85%;text-align:center;border-bottom:2px solid #000}.invisible {display:none}</style>
</head>
<body>
<table>
<tr><th>Test</th><th># Passed</th><th># Skipped</th><th># Retried</th><th># Failed</th><th>Time (ms)</th><th>Included Groups</th><th>Excluded Groups</th></tr>
<tr><th colspan="8">RestaurantSuite</th></tr>
<tr><td><a href="#t0">QALegendTest</a></td><td class="num">29</td><td class="num attn">6</td><td class="num">0</td><td class="num">0</td><td class="num">1,316,938</td><td></td><td></td></tr>
</table>
<table id='summary'><thead><tr><th>Class</th><th>Method</th><th>Start</th><th>Time (ms)</th></tr></thead><tbody><tr><th colspan="4">RestaurantSuite</th></tr></tbody><tbody id="t0"><tr><th colspan="4">QALegendTest &#8212; failed (configuration methods)</th></tr><tr class="failedeven"><td rowspan="1">com.POS.TestCases.VerifyHomePageTest</td><td><a href="#m0">beforeMethods</a></td><td rowspan="1">1679541843834</td><td rowspan="1">85831</td></tr><tr class="failedodd"><td rowspan="1">com.POS.TestCases.VerifyUserLoginTest</td><td><a href="#m1">beforeMethods</a></td><td rowspan="1">1679541803378</td><td rowspan="1">40420</td></tr><tr><th colspan="4">QALegendTest &#8212; skipped (configuration methods)</th></tr><tr class="skippedeven"><td rowspan="7">com.POS.TestCases.VerifyHomePageTest</td><td><a href="#m2">afterMethod</a></td><td rowspan="4">1679541929687</td><td rowspan="4">0</td></tr><tr class="skippedeven"><td><a href="#m3">afterMethod</a></td></tr><tr class="skippedeven"><td><a href="#m4">afterMethod</a></td></tr><tr class="skippedeven"><td><a href="#m5">afterMethod</a></td></tr><tr class="skippedeven"><td><a href="#m6">beforeMethods</a></td><td rowspan="3">1679541929691</td><td rowspan="3">0</td></tr><tr class="skippedeven"><td><a href="#m7">beforeMethods</a></td></tr><tr class="skippedeven"><td><a href="#m8">beforeMethods</a></td></tr><tr class="skippedodd"><td rowspan="3">com.POS.TestCases.VerifyUserLoginTest</td><td><a href="#m9">afterMethod</a></td><td rowspan="2">1679541843832</td><td rowspan="2">0</td></tr><tr class="skippedodd"><td><a href="#m10">afterMethod</a></td></tr><tr class="skippedodd"><td><a href="#m11">beforeMethods</a></td><td rowspan="1">1679541843822</td><td rowspan="1">0</td></tr><tr><th colspan="4">QALegendTest &#8212; skipped</th></tr><tr class="skippedeven"><td rowspan="4">com.POS.TestCases.VerifyHomePageTest</td><td><a href="#m12">validateElementsDisplay</a></td><td rowspan="1">1679541929673</td><td rowspan="1">0</td></tr><tr class="skippedeven"><td><a href="#m13">validateLanguageSelection</a></td><td rowspan="1">1679541929692</td><td rowspan="1">1</td></tr><tr class="skippedeven"><td><a href="#m14">validateMenuClick</a></td><td rowspan="1">1679541929716</td><td rowspan="1">0</td></tr><tr class="skippedeven"><td><a href="#m15">validateMenuDisplay</a></td><td rowspan="1">1679541929703</td><td rowspan="1">0</td></tr><tr class="skippedodd"><td rowspan="2">com.POS.TestCases.VerifyUserLoginTest</td><td><a href="#m16">validateAllLogin</a></td><td rowspan="2">1679541843824</td><td rowspan="2">0</td></tr><tr class="skippedodd"><td><a href="#m17">validateAllLogin</a></td></tr><tr><th colspan="4">QALegendTest &#8212; passed</th></tr><tr class="passedeven"><td rowspan="2">com.POS.TestCases.VerifyCategoryTest</td><td><a href="#m18">validateAddCategory</a></td><td rowspan="1">1679542855644</td><td rowspan="1">13218</td></tr><tr class="passedeven"><td><a href="#m19">validateCatTblHeaders</a></td><td rowspan="1">1679542826523</td><td rowspan="1">13682</td></tr><tr class="passedodd"><td rowspan="9">com.POS.TestCases.VerifyProductPageTest</td><td><a href="#m20">validateAddProduct</a></td><td rowspan="1">1679542745755</td><td rowspan="1">37960</td></tr><tr class="passedodd"><td><a href="#m21">validateDownloadCSV</a></td><td rowspan="1">1679542591737</td><td rowspan="1">23695</td></tr><tr class="passedodd"><td><a href="#m22">validateFilterByPdtType</a></td><td rowspan="1">1679542516475</td><td rowspan="1">16507</td></tr><tr class="passedodd"><td><a href="#m23">validateFilterBySupPdtType</a></td><td rowspan="1">1679542545127</td><td rowspan="1">31283</td></tr><tr class="passedodd"><td><a href="#m24">validateFilterBySupplier</a></td><td rowspan="1">1679542487044</td><td rowspan="1">18069</td></tr><tr class="passedodd"><td><a href="#m25">validatePrintMenu</a></td><td rowspan="1">1679542713125</td><td rowspan="1">24166</td></tr><tr class="passedodd"><td><a href="#m26">validateSearchPdt</a></td><td rowspan="1">1679542799145</td><td rowspan="1">20352</td></tr><tr class="passedodd"><td><a href="#m27">validateShowPdtTblCount</a></td><td rowspan="1">1679542456441</td><td rowspan="1">18091</td></tr><tr class="passedodd"><td><a href="#m28">validateUploadCSV</a></td><td rowspan="1">1679542642819</td><td rowspan="1">53059</td></tr><tr class="passedeven"><td rowspan="1">com.POS.TestCases.VerifySettingsTest</td><td><a href="#m29">validateAddUser</a></td><td rowspan="1">1679542877570</td><td rowspan="1">16778</td></tr><tr class="passedodd"><td rowspan="5">com.POS.TestCases.VerifyStoreManageTest</td><td><a href="#m30">validateAddStoreTable</a></td><td rowspan="1">1679542155981</td><td rowspan="1">35054</td></tr><tr class="passedodd"><td><a href="#m31">validateDeleteStore</a></td><td rowspan="1">1679542400177</td><td rowspan="1">32278</td></tr><tr class="passedodd"><td><a href="#m32">validateDeleteStoreTbl</a></td><td rowspan="1">1679542261570</td><td rowspan="1">20945</td></tr><tr class="passedodd"><td><a href="#m33">validateDeleteZone</a></td><td rowspan="1">1679542302607</td><td rowspan="1">35687</td></tr><tr class="passedodd"><td><a href="#m34">validateEditStoreTable</a></td><td rowspan="1">1679542202870</td><td rowspan="1">42961</td></tr><tr class="passedeven"><td rowspan="6">com.POS.TestCases.VerifyStoreTest</td><td><a href="#m35">validateAddStore</a></td><td rowspan="1">1679542058378</td><td rowspan="1">18194</td></tr><tr class="passedeven"><td><a href="#m36">validateEditStore</a></td><td rowspan="1">1679542105780</td><td rowspan="1">17403</td></tr><tr class="passedeven"><td><a href="#m37">validateSearchStore</a></td><td rowspan="1">1679542088447</td><td rowspan="1">8659</td></tr><tr class="passedeven"><td><a href="#m38">validateShowCount</a></td><td rowspan="1">1679542034103</td><td rowspan="1">11291</td></tr><tr class="passedeven"><td><a href="#m39">validateStoreSorting</a></td><td rowspan="1">1679542134499</td><td rowspan="1">11563</td></tr><tr class="passedeven"><td><a href="#m40">validateTableHeaders</a></td><td rowspan="1">1679541971620</td><td rowspan="1">38148</td></tr><tr class="passedodd"><td rowspan="2">com.POS.TestCases.VerifyUserLoginTest</td><td><a href="#m41">validateAllLogin</a></td><td rowspan="1">1679541801294</td><td rowspan="1">1496</td></tr><tr class="passedodd"><td><a href="#m42">validateLogin</a></td><td rowspan="1">1679541755024</td><td rowspan="1">10830</td></tr><tr class="passedeven"><td rowspan="4">com.POS.TestCases.VerifyWaiterTest</td><td><a href="#m43">validateAddWaiter</a></td><td rowspan="1">1679542924516</td><td rowspan="1">14366</td></tr><tr class="passedeven"><td><a href="#m44">validateEditWaiter</a></td><td rowspan="1">1679542964472</td><td rowspan="1">18977</td></tr><tr class="passedeven"><td><a href="#m45">validateSearchWaiter</a></td><td rowspan="1">1679542947204</td><td rowspan="1">10123</td></tr><tr class="passedeven"><td><a href="#m46">validateShowCount</a></td><td rowspan="1">1679542905830</td><td rowspan="1">9153</td></tr></tbody>
</table>
<h2>QALegendTest</h2><h3 id="m0">com.POS.TestCases.VerifyHomePageTest#beforeMethods</h3><table class="result"><tr class="param"><th>Parameter #1</th></tr><tr class="param stripe"><td>Edge</td></tr><tr><th>Exception</th></tr><tr><td><div class="stacktrace">org.openqa.selenium.TimeoutException: timeout: Timed out receiving message from renderer: 17.915
  (Session info: MicrosoftEdge=111.0.1661.51)
Build info: version: &apos;4.7.2&apos;, revision: &apos;4d4020c3b7&apos;
System info: os.name: &apos;Windows 10&apos;, os.arch: &apos;amd64&apos;, os.version: &apos;10.0&apos;, java.version: &apos;17.0.6&apos;
Driver info: org.openqa.selenium.edge.EdgeDriver
Command: [b75b234b93e8a4ef31850b47df12646b, get {url=https://qalegend.com/restaurant/login}]
Capabilities {acceptInsecureCerts: false, browserName: msedge, browserVersion: 111.0.1661.51, ms:edgeOptions: {debuggerAddress: localhost:57375}, msedge: {msedgedriverVersion: 111.0.1661.51 (5b30e0e79e57..., userDataDir: C:\Users\Thomas\AppData\Loc...}, networkConnectionEnabled: false, pageLoadStrategy: normal, platformName: WINDOWS, proxy: Proxy(), se:cdp: ws://localhost:57375/devtoo..., se:cdpVersion: 111.0.1661.51, setWindowRect: true, strictFileInteractability: false, timeouts: {implicit: 0, pageLoad: 300000, script: 30000}, unhandledPromptBehavior: dismiss and notify, webauthn:extension:credBlob: true, webauthn:extension:largeBlob: true, webauthn:extension:minPinLength: true, webauthn:extension:prf: true, webauthn:virtualAuthenticators: true}
Session ID: b75b234b93e8a4ef31850b47df12646b
	at org.openqa.selenium.remote.codec.w3c.W3CHttpResponseCodec.createException(W3CHttpResponseCodec.java:200)
	at org.openqa.selenium.remote.codec.w3c.W3CHttpResponseCodec.decode(W3CHttpResponseCodec.java:133)
	at org.openqa.selenium.remote.codec.w3c.W3CHttpResponseCodec.decode(W3CHttpResponseCodec.java:53)
	at org.openqa.selenium.remote.HttpCommandExecutor.execute(HttpCommandExecutor.java:184)
	at org.openqa.selenium.remote.service.DriverCommandExecutor.invokeExecute(DriverCommandExecutor.java:167)
	at org.openqa.selenium.remote.service.DriverCommandExecutor.execute(DriverCommandExecutor.java:142)
	at org.openqa.selenium.remote.RemoteWebDriver.execute(RemoteWebDriver.java:535)
	at org.openqa.selenium.remote.RemoteWebDriver.get(RemoteWebDriver.java:296)
	at com.POS.BaseClass.BaseClass.launchApp(BaseClass.java:109)
	at com.POS.BaseClass.BaseClass.beforeMethods(BaseClass.java:76)
	at java.base/java.util.ArrayList.forEach(ArrayList.java:1511)
... Removed 36 stack frames</div></td></tr></table><p class="totop"><a href="#summary">back to summary</a></p>
<h3 id="m1">com.POS.TestCases.VerifyUserLoginTest#beforeMethods</h3><table class="result"><tr class="param"><th>Parameter #1</th></tr><tr class="param stripe"><td>Edge</td></tr><tr><th>Exception</th></tr><tr><td><div class="stacktrace">org.openqa.selenium.TimeoutException: timeout: Timed out receiving message from renderer: -0.058
  (Session info: MicrosoftEdge=111.0.1661.51)
Build info: version: &apos;4.7.2&apos;, revision: &apos;4d4020c3b7&apos;
System info: os.name: &apos;Windows 10&apos;, os.arch: &apos;amd64&apos;, os.version: &apos;10.0&apos;, java.version: &apos;17.0.6&apos;
Driver info: org.openqa.selenium.edge.EdgeDriver
Command: [49dce0466ce553fdfbe64e7c9df5f221, get {url=https://qalegend.com/restaurant/login}]
Capabilities {acceptInsecureCerts: false, browserName: msedge, browserVersion: 111.0.1661.51, ms:edgeOptions: {debuggerAddress: localhost:57327}, msedge: {msedgedriverVersion: 111.0.1661.51 (5b30e0e79e57..., userDataDir: C:\Users\Thomas\AppData\Loc...}, networkConnectionEnabled: false, pageLoadStrategy: normal, platformName: WINDOWS, proxy: Proxy(), se:cdp: ws://localhost:57327/devtoo..., se:cdpVersion: 111.0.1661.51, setWindowRect: true, strictFileInteractability: false, timeouts: {implicit: 0, pageLoad: 300000, script: 30000}, unhandledPromptBehavior: dismiss and notify, webauthn:extension:credBlob: true, webauthn:extension:largeBlob: true, webauthn:extension:minPinLength: true, webauthn:extension:prf: true, webauthn:virtualAuthenticators: true}
Session ID: 49dce0466ce553fdfbe64e7c9df5f221
	at org.openqa.selenium.remote.codec.w3c.W3CHttpResponseCodec.createException(W3CHttpResponseCodec.java:200)
	at org.openqa.selenium.remote.codec.w3c.W3CHttpResponseCodec.decode(W3CHttpResponseCodec.java:133)
	at org.openqa.selenium.remote.codec.w3c.W3CHttpResponseCodec.decode(W3CHttpResponseCodec.java:53)
	at org.openqa.selenium.remote.HttpCommandExecutor.execute(HttpCommandExecutor.java:184)
	at org.openqa.selenium.remote.service.DriverCommandExecutor.invokeExecute(DriverCommandExecutor.java:167)
	at org.openqa.selenium.remote.service.DriverCommandExecutor.execute(DriverCommandExecutor.java:142)
	at org.openqa.selenium.remote.RemoteWebDriver.execute(RemoteWebDriver.java:535)
	at org.openqa.selenium.remote.RemoteWebDriver.get(RemoteWebDriver.java:296)
	at com.POS.BaseClass.BaseClass.launchApp(BaseClass.java:109)
	at com.POS.BaseClass.BaseClass.beforeMethods(BaseClass.java:76)
	at java.base/java.util.ArrayList.forEach(ArrayList.java:1511)
... Removed 36 stack frames</div></td></tr></table><p class="totop"><a href="#summary">back to summary</a></p>
<h3 id="m2">com.POS.TestCases.VerifyHomePageTest#afterMethod</h3><table class="result"><tr><th class="invisible"/></tr></table><p class="totop"><a href="#summary">back to summary</a></p>
<h3 id="m3">com.POS.TestCases.VerifyHomePageTest#afterMethod</h3><table class="result"><tr><th class="invisible"/></tr></table><p class="totop"><a href="#summary">back to summary</a></p>
<h3 id="m4">com.POS.TestCases.VerifyHomePageTest#afterMethod</h3><table class="result"><tr><th class="invisible"/></tr></table><p class="totop"><a href="#summary">back to summary</a></p>
<h3 id="m5">com.POS.TestCases.VerifyHomePageTest#afterMethod</h3><table class="result"><tr><th class="invisible"/></tr></table><p class="totop"><a href="#summary">back to summary</a></p>
<h3 id="m6">com.POS.TestCases.VerifyHomePageTest#beforeMethods</h3><table class="result"><tr><th class="invisible"/></tr></table><p class="totop"><a href="#summary">back to summary</a></p>
<h3 id="m7">com.POS.TestCases.VerifyHomePageTest#beforeMethods</h3><table class="result"><tr><th class="invisible"/></tr></table><p class="totop"><a href="#summary">back to summary</a></p>
<h3 id="m8">com.POS.TestCases.VerifyHomePageTest#beforeMethods</h3><table class="result"><tr><th class="invisible"/></tr></table><p class="totop"><a href="#summary">back to summary</a></p>
<h3 id="m9">com.POS.TestCases.VerifyUserLoginTest#afterMethod</h3><table class="result"><tr><th class="invisible"/></tr></table><p class="totop"><a href="#summary">back to summary</a></p>
<h3 id="m10">com.POS.TestCases.VerifyUserLoginTest#afterMethod</h3><table class="result"><tr><th class="invisible"/></tr></table><p class="totop"><a href="#summary">back to summary</a></p>
<h3 id="m11">com.POS.TestCases.VerifyUserLoginTest#beforeMethods</h3><table class="result"><tr><th class="invisible"/></tr></table><p class="totop"><a href="#summary">back to summary</a></p>
<h3 id="m12">com.POS.TestCases.VerifyHomePageTest#validateElementsDisplay</h3><table class="result"><tr><th>Exception</th></tr><tr><td><div class="stacktrace">org.openqa.selenium.TimeoutException: timeout: Timed out receiving message from renderer: 17.915
  (Session info: MicrosoftEdge=111.0.1661.51)
Build info: version: &apos;4.7.2&apos;, revision: &apos;4d4020c3b7&apos;
System info: os.name: &apos;Windows 10&apos;, os.arch: &apos;amd64&apos;, os.version: &apos;10.0&apos;, java.version: &apos;17.0.6&apos;
Driver info: org.openqa.selenium.edge.EdgeDriver
Command: [b75b234b93e8a4ef31850b47df12646b, get {url=https://qalegend.com/restaurant/login}]
Capabilities {acceptInsecureCerts: false, browserName: msedge, browserVersion: 111.0.1661.51, ms:edgeOptions: {debuggerAddress: localhost:57375}, msedge: {msedgedriverVersion: 111.0.1661.51 (5b30e0e79e57..., userDataDir: C:\Users\Thomas\AppData\Loc...}, networkConnectionEnabled: false, pageLoadStrategy: normal, platformName: WINDOWS, proxy: Proxy(), se:cdp: ws://localhost:57375/devtoo..., se:cdpVersion: 111.0.1661.51, setWindowRect: true, strictFileInteractability: false, timeouts: {implicit: 0, pageLoad: 300000, script: 30000}, unhandledPromptBehavior: dismiss and notify, webauthn:extension:credBlob: true, webauthn:extension:largeBlob: true, webauthn:extension:minPinLength: true, webauthn:extension:prf: true, webauthn:virtualAuthenticators: true}
Session ID: b75b234b93e8a4ef31850b47df12646b
	at org.openqa.selenium.remote.codec.w3c.W3CHttpResponseCodec.createException(W3CHttpResponseCodec.java:200)
	at org.openqa.selenium.remote.codec.w3c.W3CHttpResponseCodec.decode(W3CHttpResponseCodec.java:133)
	at org.openqa.selenium.remote.codec.w3c.W3CHttpResponseCodec.decode(W3CHttpResponseCodec.java:53)
	at org.openqa.selenium.remote.HttpCommandExecutor.execute(HttpCommandExecutor.java:184)
	at org.openqa.selenium.remote.service.DriverCommandExecutor.invokeExecute(DriverCommandExecutor.java:167)
	at org.openqa.selenium.remote.service.DriverCommandExecutor.execute(DriverCommandExecutor.java:142)
	at org.openqa.selenium.remote.RemoteWebDriver.execute(RemoteWebDriver.java:535)
	at org.openqa.selenium.remote.RemoteWebDriver.get(RemoteWebDriver.java:296)
	at com.POS.BaseClass.BaseClass.launchApp(BaseClass.java:109)
	at com.POS.BaseClass.BaseClass.beforeMethods(BaseClass.java:76)
	at java.base/java.util.ArrayList.forEach(ArrayList.java:1511)
... Removed 36 stack frames</div></td></tr></table><p class="totop"><a href="#summary">back to summary</a></p>
<h3 id="m13">com.POS.TestCases.VerifyHomePageTest#validateLanguageSelection</h3><table class="result"><tr><th>Exception</th></tr><tr><td><div class="stacktrace">org.openqa.selenium.TimeoutException: timeout: Timed out receiving message from renderer: 17.915
  (Session info: MicrosoftEdge=111.0.1661.51)
Build info: version: &apos;4.7.2&apos;, revision: &apos;4d4020c3b7&apos;
System info: os.name: &apos;Windows 10&apos;, os.arch: &apos;amd64&apos;, os.version: &apos;10.0&apos;, java.version: &apos;17.0.6&apos;
Driver info: org.openqa.selenium.edge.EdgeDriver
Command: [b75b234b93e8a4ef31850b47df12646b, get {url=https://qalegend.com/restaurant/login}]
Capabilities {acceptInsecureCerts: false, browserName: msedge, browserVersion: 111.0.1661.51, ms:edgeOptions: {debuggerAddress: localhost:57375}, msedge: {msedgedriverVersion: 111.0.1661.51 (5b30e0e79e57..., userDataDir: C:\Users\Thomas\AppData\Loc...}, networkConnectionEnabled: false, pageLoadStrategy: normal, platformName: WINDOWS, proxy: Proxy(), se:cdp: ws://localhost:57375/devtoo..., se:cdpVersion: 111.0.1661.51, setWindowRect: true, strictFileInteractability: false, timeouts: {implicit: 0, pageLoad: 300000, script: 30000}, unhandledPromptBehavior: dismiss and notify, webauthn:extension:credBlob: true, webauthn:extension:largeBlob: true, webauthn:extension:minPinLength: true, webauthn:extension:prf: true, webauthn:virtualAuthenticators: true}
Session ID: b75b234b93e8a4ef31850b47df12646b
	at org.openqa.selenium.remote.codec.w3c.W3CHttpResponseCodec.createException(W3CHttpResponseCodec.java:200)
	at org.openqa.selenium.remote.codec.w3c.W3CHttpResponseCodec.decode(W3CHttpResponseCodec.java:133)
	at org.openqa.selenium.remote.codec.w3c.W3CHttpResponseCodec.decode(W3CHttpResponseCodec.java:53)
	at org.openqa.selenium.remote.HttpCommandExecutor.execute(HttpCommandExecutor.java:184)
	at org.openqa.selenium.remote.service.DriverCommandExecutor.invokeExecute(DriverCommandExecutor.java:167)
	at org.openqa.selenium.remote.service.DriverCommandExecutor.execute(DriverCommandExecutor.java:142)
	at org.openqa.selenium.remote.RemoteWebDriver.execute(RemoteWebDriver.java:535)
	at org.openqa.selenium.remote.RemoteWebDriver.get(RemoteWebDriver.java:296)
	at com.POS.BaseClass.BaseClass.launchApp(BaseClass.java:109)
	at com.POS.BaseClass.BaseClass.beforeMethods(BaseClass.java:76)
	at java.base/java.util.ArrayList.forEach(ArrayList.java:1511)
... Removed 36 stack frames</div></td></tr></table><p class="totop"><a href="#summary">back to summary</a></p>
<h3 id="m14">com.POS.TestCases.VerifyHomePageTest#validateMenuClick</h3><table class="result"><tr><th>Exception</th></tr><tr><td><div class="stacktrace">org.openqa.selenium.TimeoutException: timeout: Timed out receiving message from renderer: 17.915
  (Session info: MicrosoftEdge=111.0.1661.51)
Build info: version: &apos;4.7.2&apos;, revision: &apos;4d4020c3b7&apos;
System info: os.name: &apos;Windows 10&apos;, os.arch: &apos;amd64&apos;, os.version: &apos;10.0&apos;, java.version: &apos;17.0.6&apos;
Driver info: org.openqa.selenium.edge.EdgeDriver
Command: [b75b234b93e8a4ef31850b47df12646b, get {url=https://qalegend.com/restaurant/login}]
Capabilities {acceptInsecureCerts: false, browserName: msedge, browserVersion: 111.0.1661.51, ms:edgeOptions: {debuggerAddress: localhost:57375}, msedge: {msedgedriverVersion: 111.0.1661.51 (5b30e0e79e57..., userDataDir: C:\Users\Thomas\AppData\Loc...}, networkConnectionEnabled: false, pageLoadStrategy: normal, platformName: WINDOWS, proxy: Proxy(), se:cdp: ws://localhost:57375/devtoo..., se:cdpVersion: 111.0.1661.51, setWindowRect: true, strictFileInteractability: false, timeouts: {implicit: 0, pageLoad: 300000, script: 30000}, unhandledPromptBehavior: dismiss and notify, webauthn:extension:credBlob: true, webauthn:extension:largeBlob: true, webauthn:extension:minPinLength: true, webauthn:extension:prf: true, webauthn:virtualAuthenticators: true}
Session ID: b75b234b93e8a4ef31850b47df12646b
	at org.openqa.selenium.remote.codec.w3c.W3CHttpResponseCodec.createException(W3CHttpResponseCodec.java:200)
	at org.openqa.selenium.remote.codec.w3c.W3CHttpResponseCodec.decode(W3CHttpResponseCodec.java:133)
	at org.openqa.selenium.remote.codec.w3c.W3CHttpResponseCodec.decode(W3CHttpResponseCodec.java:53)
	at org.openqa.selenium.remote.HttpCommandExecutor.execute(HttpCommandExecutor.java:184)
	at org.openqa.selenium.remote.service.DriverCommandExecutor.invokeExecute(DriverCommandExecutor.java:167)
	at org.openqa.selenium.remote.service.DriverCommandExecutor.execute(DriverCommandExecutor.java:142)
	at org.openqa.selenium.remote.RemoteWebDriver.execute(RemoteWebDriver.java:535)
	at org.openqa.selenium.remote.RemoteWebDriver.get(RemoteWebDriver.java:296)
	at com.POS.BaseClass.BaseClass.launchApp(BaseClass.java:109)
	at com.POS.BaseClass.BaseClass.beforeMethods(BaseClass.java:76)
	at java.base/java.util.ArrayList.forEach(ArrayList.java:1511)
... Removed 36 stack frames</div></td></tr></table><p class="totop"><a href="#summary">back to summary</a></p>
<h3 id="m15">com.POS.TestCases.VerifyHomePageTest#validateMenuDisplay</h3><table class="result"><tr><th>Exception</th></tr><tr><td><div class="stacktrace">org.openqa.selenium.TimeoutException: timeout: Timed out receiving message from renderer: 17.915
  (Session info: MicrosoftEdge=111.0.1661.51)
Build info: version: &apos;4.7.2&apos;, revision: &apos;4d4020c3b7&apos;
System info: os.name: &apos;Windows 10&apos;, os.arch: &apos;amd64&apos;, os.version: &apos;10.0&apos;, java.version: &apos;17.0.6&apos;
Driver info: org.openqa.selenium.edge.EdgeDriver
Command: [b75b234b93e8a4ef31850b47df12646b, get {url=https://qalegend.com/restaurant/login}]
Capabilities {acceptInsecureCerts: false, browserName: msedge, browserVersion: 111.0.1661.51, ms:edgeOptions: {debuggerAddress: localhost:57375}, msedge: {msedgedriverVersion: 111.0.1661.51 (5b30e0e79e57..., userDataDir: C:\Users\Thomas\AppData\Loc...}, networkConnectionEnabled: false, pageLoadStrategy: normal, platformName: WINDOWS, proxy: Proxy(), se:cdp: ws://localhost:57375/devtoo..., se:cdpVersion: 111.0.1661.51, setWindowRect: true, strictFileInteractability: false, timeouts: {implicit: 0, pageLoad: 300000, script: 30000}, unhandledPromptBehavior: dismiss and notify, webauthn:extension:credBlob: true, webauthn:extension:largeBlob: true, webauthn:extension:minPinLength: true, webauthn:extension:prf: true, webauthn:virtualAuthenticators: true}
Session ID: b75b234b93e8a4ef31850b47df12646b
	at org.openqa.selenium.remote.codec.w3c.W3CHttpResponseCodec.createException(W3CHttpResponseCodec.java:200)
	at org.openqa.selenium.remote.codec.w3c.W3CHttpResponseCodec.decode(W3CHttpResponseCodec.java:133)
	at org.openqa.selenium.remote.codec.w3c.W3CHttpResponseCodec.decode(W3CHttpResponseCodec.java:53)
	at org.openqa.selenium.remote.HttpCommandExecutor.execute(HttpCommandExecutor.java:184)
	at org.openqa.selenium.remote.service.DriverCommandExecutor.invokeExecute(DriverCommandExecutor.java:167)
	at org.openqa.selenium.remote.service.DriverCommandExecutor.execute(DriverCommandExecutor.java:142)
	at org.openqa.selenium.remote.RemoteWebDriver.execute(RemoteWebDriver.java:535)
	at org.openqa.selenium.remote.RemoteWebDriver.get(RemoteWebDriver.java:296)
	at com.POS.BaseClass.BaseClass.launchApp(BaseClass.java:109)
	at com.POS.BaseClass.BaseClass.beforeMethods(BaseClass.java:76)
	at java.base/java.util.ArrayList.forEach(ArrayList.java:1511)
... Removed 36 stack frames</div></td></tr></table><p class="totop"><a href="#summary">back to summary</a></p>
<h3 id="m16">com.POS.TestCases.VerifyUserLoginTest#validateAllLogin</h3><table class="result"><tr class="param"><th>Parameter #1</th><th>Parameter #2</th></tr><tr class="param stripe"><td>InvalidUn</td><td>password</td></tr><tr><th colspan="2">Exception</th></tr><tr><td colspan="2"><div class="stacktrace">org.openqa.selenium.TimeoutException: timeout: Timed out receiving message from renderer: -0.058
  (Session info: MicrosoftEdge=111.0.1661.51)
Build info: version: &apos;4.7.2&apos;, revision: &apos;4d4020c3b7&apos;
System info: os.name: &apos;Windows 10&apos;, os.arch: &apos;amd64&apos;, os.version: &apos;10.0&apos;, java.version: &apos;17.0.6&apos;
Driver info: org.openqa.selenium.edge.EdgeDriver
Command: [49dce0466ce553fdfbe64e7c9df5f221, get {url=https://qalegend.com/restaurant/login}]
Capabilities {acceptInsecureCerts: false, browserName: msedge, browserVersion: 111.0.1661.51, ms:edgeOptions: {debuggerAddress: localhost:57327}, msedge: {msedgedriverVersion: 111.0.1661.51 (5b30e0e79e57..., userDataDir: C:\Users\Thomas\AppData\Loc...}, networkConnectionEnabled: false, pageLoadStrategy: normal, platformName: WINDOWS, proxy: Proxy(), se:cdp: ws://localhost:57327/devtoo..., se:cdpVersion: 111.0.1661.51, setWindowRect: true, strictFileInteractability: false, timeouts: {implicit: 0, pageLoad: 300000, script: 30000}, unhandledPromptBehavior: dismiss and notify, webauthn:extension:credBlob: true, webauthn:extension:largeBlob: true, webauthn:extension:minPinLength: true, webauthn:extension:prf: true, webauthn:virtualAuthenticators: true}
Session ID: 49dce0466ce553fdfbe64e7c9df5f221
	at org.openqa.selenium.remote.codec.w3c.W3CHttpResponseCodec.createException(W3CHttpResponseCodec.java:200)
	at org.openqa.selenium.remote.codec.w3c.W3CHttpResponseCodec.decode(W3CHttpResponseCodec.java:133)
	at org.openqa.selenium.remote.codec.w3c.W3CHttpResponseCodec.decode(W3CHttpResponseCodec.java:53)
	at org.openqa.selenium.remote.HttpCommandExecutor.execute(HttpCommandExecutor.java:184)
	at org.openqa.selenium.remote.service.DriverCommandExecutor.invokeExecute(DriverCommandExecutor.java:167)
	at org.openqa.selenium.remote.service.DriverCommandExecutor.execute(DriverCommandExecutor.java:142)
	at org.openqa.selenium.remote.RemoteWebDriver.execute(RemoteWebDriver.java:535)
	at org.openqa.selenium.remote.RemoteWebDriver.get(RemoteWebDriver.java:296)
	at com.POS.BaseClass.BaseClass.launchApp(BaseClass.java:109)
	at com.POS.BaseClass.BaseClass.beforeMethods(BaseClass.java:76)
	at java.base/java.util.ArrayList.forEach(ArrayList.java:1511)
... Removed 36 stack frames</div></td></tr></table><p class="totop"><a href="#summary">back to summary</a></p>
<h3 id="m17">com.POS.TestCases.VerifyUserLoginTest#validateAllLogin</h3><table class="result"><tr class="param"><th>Parameter #1</th><th>Parameter #2</th></tr><tr class="param stripe"><td>Admin</td><td>InvalidPswd</td></tr><tr><th colspan="2">Exception</th></tr><tr><td colspan="2"><div class="stacktrace">org.openqa.selenium.TimeoutException: timeout: Timed out receiving message from renderer: -0.058
  (Session info: MicrosoftEdge=111.0.1661.51)
Build info: version: &apos;4.7.2&apos;, revision: &apos;4d4020c3b7&apos;
System info: os.name: &apos;Windows 10&apos;, os.arch: &apos;amd64&apos;, os.version: &apos;10.0&apos;, java.version: &apos;17.0.6&apos;
Driver info: org.openqa.selenium.edge.EdgeDriver
Command: [49dce0466ce553fdfbe64e7c9df5f221, get {url=https://qalegend.com/restaurant/login}]
Capabilities {acceptInsecureCerts: false, browserName: msedge, browserVersion: 111.0.1661.51, ms:edgeOptions: {debuggerAddress: localhost:57327}, msedge: {msedgedriverVersion: 111.0.1661.51 (5b30e0e79e57..., userDataDir: C:\Users\Thomas\AppData\Loc...}, networkConnectionEnabled: false, pageLoadStrategy: normal, platformName: WINDOWS, proxy: Proxy(), se:cdp: ws://localhost:57327/devtoo..., se:cdpVersion: 111.0.1661.51, setWindowRect: true, strictFileInteractability: false, timeouts: {implicit: 0, pageLoad: 300000, script: 30000}, unhandledPromptBehavior: dismiss and notify, webauthn:extension:credBlob: true, webauthn:extension:largeBlob: true, webauthn:extension:minPinLength: true, webauthn:extension:prf: true, webauthn:virtualAuthenticators: true}
Session ID: 49dce0466ce553fdfbe64e7c9df5f221
	at org.openqa.selenium.remote.codec.w3c.W3CHttpResponseCodec.createException(W3CHttpResponseCodec.java:200)
	at org.openqa.selenium.remote.codec.w3c.W3CHttpResponseCodec.decode(W3CHttpResponseCodec.java:133)
	at org.openqa.selenium.remote.codec.w3c.W3CHttpResponseCodec.decode(W3CHttpResponseCodec.java:53)
	at org.openqa.selenium.remote.HttpCommandExecutor.execute(HttpCommandExecutor.java:184)
	at org.openqa.selenium.remote.service.DriverCommandExecutor.invokeExecute(DriverCommandExecutor.java:167)
	at org.openqa.selenium.remote.service.DriverCommandExecutor.execute(DriverCommandExecutor.java:142)
	at org.openqa.selenium.remote.RemoteWebDriver.execute(RemoteWebDriver.java:535)
	at org.openqa.selenium.remote.RemoteWebDriver.get(RemoteWebDriver.java:296)
	at com.POS.BaseClass.BaseClass.launchApp(BaseClass.java:109)
	at com.POS.BaseClass.BaseClass.beforeMethods(BaseClass.java:76)
	at java.base/java.util.ArrayList.forEach(ArrayList.java:1511)
... Removed 36 stack frames</div></td></tr></table><p class="totop"><a href="#summary">back to summary</a></p>
<h3 id="m18">com.POS.TestCases.VerifyCategoryTest#validateAddCategory</h3><table class="result"><tr><th class="invisible"/></tr></table><p class="totop"><a href="#summary">back to summary</a></p>
<h3 id="m19">com.POS.TestCases.VerifyCategoryTest#validateCatTblHeaders</h3><table class="result"><tr><th class="invisible"/></tr></table><p class="totop"><a href="#summary">back to summary</a></p>
<h3 id="m20">com.POS.TestCases.VerifyProductPageTest#validateAddProduct</h3><table class="result"><tr><th class="invisible"/></tr></table><p class="totop"><a href="#summary">back to summary</a></p>
<h3 id="m21">com.POS.TestCases.VerifyProductPageTest#validateDownloadCSV</h3><table class="result"><tr><th class="invisible"/></tr></table><p class="totop"><a href="#summary">back to summary</a></p>
<h3 id="m22">com.POS.TestCases.VerifyProductPageTest#validateFilterByPdtType</h3><table class="result"><tr><th class="invisible"/></tr></table><p class="totop"><a href="#summary">back to summary</a></p>
<h3 id="m23">com.POS.TestCases.VerifyProductPageTest#validateFilterBySupPdtType</h3><table class="result"><tr><th class="invisible"/></tr></table><p class="totop"><a href="#summary">back to summary</a></p>
<h3 id="m24">com.POS.TestCases.VerifyProductPageTest#validateFilterBySupplier</h3><table class="result"><tr><th class="invisible"/></tr></table><p class="totop"><a href="#summary">back to summary</a></p>
<h3 id="m25">com.POS.TestCases.VerifyProductPageTest#validatePrintMenu</h3><table class="result"><tr><th class="invisible"/></tr></table><p class="totop"><a href="#summary">back to summary</a></p>
<h3 id="m26">com.POS.TestCases.VerifyProductPageTest#validateSearchPdt</h3><table class="result"><tr><th class="invisible"/></tr></table><p class="totop"><a href="#summary">back to summary</a></p>
<h3 id="m27">com.POS.TestCases.VerifyProductPageTest#validateShowPdtTblCount</h3><table class="result"><tr><th class="invisible"/></tr></table><p class="totop"><a href="#summary">back to summary</a></p>
<h3 id="m28">com.POS.TestCases.VerifyProductPageTest#validateUploadCSV</h3><table class="result"><tr><th class="invisible"/></tr></table><p class="totop"><a href="#summary">back to summary</a></p>
<h3 id="m29">com.POS.TestCases.VerifySettingsTest#validateAddUser</h3><table class="result"><tr><th class="invisible"/></tr></table><p class="totop"><a href="#summary">back to summary</a></p>
<h3 id="m30">com.POS.TestCases.VerifyStoreManageTest#validateAddStoreTable</h3><table class="result"><tr><th class="invisible"/></tr></table><p class="totop"><a href="#summary">back to summary</a></p>
<h3 id="m31">com.POS.TestCases.VerifyStoreManageTest#validateDeleteStore</h3><table class="result"><tr><th class="invisible"/></tr></table><p class="totop"><a href="#summary">back to summary</a></p>
<h3 id="m32">com.POS.TestCases.VerifyStoreManageTest#validateDeleteStoreTbl</h3><table class="result"><tr><th class="invisible"/></tr></table><p class="totop"><a href="#summary">back to summary</a></p>
<h3 id="m33">com.POS.TestCases.VerifyStoreManageTest#validateDeleteZone</h3><table class="result"><tr><th class="invisible"/></tr></table><p class="totop"><a href="#summary">back to summary</a></p>
<h3 id="m34">com.POS.TestCases.VerifyStoreManageTest#validateEditStoreTable</h3><table class="result"><tr><th class="invisible"/></tr></table><p class="totop"><a href="#summary">back to summary</a></p>
<h3 id="m35">com.POS.TestCases.VerifyStoreTest#validateAddStore</h3><table class="result"><tr><th class="invisible"/></tr></table><p class="totop"><a href="#summary">back to summary</a></p>
<h3 id="m36">com.POS.TestCases.VerifyStoreTest#validateEditStore</h3><table class="result"><tr><th class="invisible"/></tr></table><p class="totop"><a href="#summary">back to summary</a></p>
<h3 id="m37">com.POS.TestCases.VerifyStoreTest#validateSearchStore</h3><table class="result"><tr><th class="invisible"/></tr></table><p class="totop"><a href="#summary">back to summary</a></p>
<h3 id="m38">com.POS.TestCases.VerifyStoreTest#validateShowCount</h3><table class="result"><tr><th class="invisible"/></tr></table><p class="totop"><a href="#summary">back to summary</a></p>
<h3 id="m39">com.POS.TestCases.VerifyStoreTest#validateStoreSorting</h3><table class="result"><tr><th class="invisible"/></tr></table><p class="totop"><a href="#summary">back to summary</a></p>
<h3 id="m40">com.POS.TestCases.VerifyStoreTest#validateTableHeaders</h3><table class="result"><tr><th class="invisible"/></tr></table><p class="totop"><a href="#summary">back to summary</a></p>
<h3 id="m41">com.POS.TestCases.VerifyUserLoginTest#validateAllLogin</h3><table class="result"><tr class="param"><th>Parameter #1</th><th>Parameter #2</th></tr><tr class="param stripe"><td>InvalidUn</td><td>InvalidPswd</td></tr></table><p class="totop"><a href="#summary">back to summary</a></p>
<h3 id="m42">com.POS.TestCases.VerifyUserLoginTest#validateLogin</h3><table class="result"><tr><th class="invisible"/></tr></table><p class="totop"><a href="#summary">back to summary</a></p>
<h3 id="m43">com.POS.TestCases.VerifyWaiterTest#validateAddWaiter</h3><table class="result"><tr><th class="invisible"/></tr></table><p class="totop"><a href="#summary">back to summary</a></p>
<h3 id="m44">com.POS.TestCases.VerifyWaiterTest#validateEditWaiter</h3><table class="result"><tr><th class="invisible"/></tr></table><p class="totop"><a href="#summary">back to summary</a></p>
<h3 id="m45">com.POS.TestCases.VerifyWaiterTest#validateSearchWaiter</h3><table class="result"><tr><th class="invisible"/></tr></table><p class="totop"><a href="#summary">back to summary</a></p>
<h3 id="m46">com.POS.TestCases.VerifyWaiterTest#validateShowCount</h3><table class="result"><tr><th class="invisible"/></tr></table><p class="totop"><a href="#summary">back to summary</a></p>
</body>
</html>
