<?xml version="1.0" encoding="UTF-8"?>
<!-- Generated by org.testng.reporters.JUnitXMLReporter -->
<testsuite ignored="23" hostname="DESKTOP-9H86UB9" failures="0" tests="35" name="QALegendTest" time="1316.938" errors="0" timestamp="2023-03-23T07:43:04 GST">
  <testcase classname="com.POS.BaseClass.BaseClass" name="@BeforeMethod beforeMethods" time="40.42">
    <failure type="org.openqa.selenium.TimeoutException" message="timeout: Timed out receiving message from renderer: -0.058
  (Session info: MicrosoftEdge=111.0.1661.51)
Build info: version: &amp;apos;4.7.2&amp;apos;, revision: &amp;apos;4d4020c3b7&amp;apos;
System info: os.name: &amp;apos;Windows 10&amp;apos;, os.arch: &amp;apos;amd64&amp;apos;, os.version: &amp;apos;10.0&amp;apos;, java.version: &amp;apos;17.0.6&amp;apos;
Driver info: org.openqa.selenium.edge.EdgeDriver
Command: [49dce0466ce553fdfbe64e7c9df5f221, get {url=https://qalegend.com/restaurant/login}]
Capabilities {acceptInsecureCerts: false, browserName: msedge, browserVersion: 111.0.1661.51, ms:edgeOptions: {debuggerAddress: localhost:57327}, msedge: {msedgedriverVersion: 111.0.1661.51 (5b30e0e79e57..., userDataDir: C:\Users\Thomas\AppData\Loc...}, networkConnectionEnabled: false, pageLoadStrategy: normal, platformName: WINDOWS, proxy: Proxy(), se:cdp: ws://localhost:57327/devtoo..., se:cdpVersion: 111.0.1661.51, setWindowRect: true, strictFileInteractability: false, timeouts: {implicit: 0, pageLoad: 300000, script: 30000}, unhandledPromptBehavior: dismiss and notify, webauthn:extension:credBlob: true, webauthn:extension:largeBlob: true, webauthn:extension:minPinLength: true, webauthn:extension:prf: true, webauthn:virtualAuthenticators: true}
Session ID: 49dce0466ce553fdfbe64e7c9df5f221">
      <![CDATA[org.openqa.selenium.TimeoutException: timeout: Timed out receiving message from renderer: -0.058
  (Session info: MicrosoftEdge=111.0.1661.51)
Build info: version: '4.7.2', revision: '4d4020c3b7'
System info: os.name: 'Windows 10', os.arch: 'amd64', os.version: '10.0', java.version: '17.0.6'
Driver info: org.openqa.selenium.edge.EdgeDriver
Command: [49dce0466ce553fdfbe64e7c9df5f221, get {url=https://qalegend.com/restaurant/login}]
Capabilities {acceptInsecureCerts: false, browserName: msedge, browserVersion: 111.0.1661.51, ms:edgeOptions: {debuggerAddress: localhost:57327}, msedge: {msedgedriverVersion: 111.0.1661.51 (5b30e0e79e57..., userDataDir: C:\Users\Thomas\AppData\Loc...}, networkConnectionEnabled: false, pageLoadStrategy: normal, platformName: WINDOWS, proxy: Proxy(), se:cdp: ws://localhost:57327/devtoo..., se:cdpVersion: 111.0.1661.51, setWindowRect: true, strictFileInteractability: false, timeouts: {implicit: 0, pageLoad: 300000, script: 30000}, unhandledPromptBehavior: dismiss and notify, webauthn:extension:credBlob: true, webauthn:extension:largeBlob: true, webauthn:extension:minPinLength: true, webauthn:extension:prf: true, webauthn:virtualAuthenticators: true}
Session ID: 49dce0466ce553fdfbe64e7c9df5f221
at org.openqa.selenium.remote.codec.w3c.W3CHttpResponseCodec.createException(W3CHttpResponseCodec.java:200)
at org.openqa.selenium.remote.codec.w3c.W3CHttpResponseCodec.decode(W3CHttpResponseCodec.java:133)
at org.openqa.selenium.remote.codec.w3c.W3CHttpResponseCodec.decode(W3CHttpResponseCodec.java:53)
at org.openqa.selenium.remote.HttpCommandExecutor.execute(HttpCommandExecutor.java:184)
at org.openqa.selenium.remote.service.DriverCommandExecutor.invokeExecute(DriverCommandExecutor.java:167)
at org.openqa.selenium.remote.service.DriverCommandExecutor.execute(DriverCommandExecutor.java:142)
at org.openqa.selenium.remote.RemoteWebDriver.execute(RemoteWebDriver.java:535)
at org.openqa.selenium.remote.RemoteWebDriver.get(RemoteWebDriver.java:296)
at com.POS.BaseClass.BaseClass.launchApp(BaseClass.java:109)
at com.POS.BaseClass.BaseClass.beforeMethods(BaseClass.java:76)
at java.base/java.util.ArrayList.forEach(ArrayList.java:1511)
... Removed 36 stack frames]]>
    </failure>
  </testcase> <!-- @BeforeMethod beforeMethods -->
  <testcase classname="com.POS.BaseClass.BaseClass" name="@AfterMethod afterMethod" time="0.0">
    <skipped/>
  </testcase> <!-- @AfterMethod afterMethod -->
  <testcase classname="com.POS.BaseClass.BaseClass" name="@BeforeMethod beforeMethods" time="0.0">
    <skipped/>
  </testcase> <!-- @BeforeMethod beforeMethods -->
  <testcase classname="com.POS.BaseClass.BaseClass" name="@AfterMethod afterMethod" time="0.0">
    <skipped/>
  </testcase> <!-- @AfterMethod afterMethod -->
  <testcase classname="com.POS.BaseClass.BaseClass" name="@BeforeMethod beforeMethods" time="85.831">
    <failure type="org.openqa.selenium.TimeoutException" message="timeout: Timed out receiving message from renderer: 17.915
  (Session info: MicrosoftEdge=111.0.1661.51)
Build info: version: &amp;apos;4.7.2&amp;apos;, revision: &amp;apos;4d4020c3b7&amp;apos;
System info: os.name: &amp;apos;Windows 10&amp;apos;, os.arch: &amp;apos;amd64&amp;apos;, os.version: &amp;apos;10.0&amp;apos;, java.version: &amp;apos;17.0.6&amp;apos;
Driver info: org.openqa.selenium.edge.EdgeDriver
Command: [b75b234b93e8a4ef31850b47df12646b, get {url=https://qalegend.com/restaurant/login}]
Capabilities {acceptInsecureCerts: false, browserName: msedge, browserVersion: 111.0.1661.51, ms:edgeOptions: {debuggerAddress: localhost:57375}, msedge: {msedgedriverVersion: 111.0.1661.51 (5b30e0e79e57..., userDataDir: C:\Users\Thomas\AppData\Loc...}, networkConnectionEnabled: false, pageLoadStrategy: normal, platformName: WINDOWS, proxy: Proxy(), se:cdp: ws://localhost:57375/devtoo..., se:cdpVersion: 111.0.1661.51, setWindowRect: true, strictFileInteractability: false, timeouts: {implicit: 0, pageLoad: 300000, script: 30000}, unhandledPromptBehavior: dismiss and notify, webauthn:extension:credBlob: true, webauthn:extension:largeBlob: true, webauthn:extension:minPinLength: true, webauthn:extension:prf: true, webauthn:virtualAuthenticators: true}
Session ID: b75b234b93e8a4ef31850b47df12646b">
      <![CDATA[org.openqa.selenium.TimeoutException: timeout: Timed out receiving message from renderer: 17.915
  (Session info: MicrosoftEdge=111.0.1661.51)
Build info: version: '4.7.2', revision: '4d4020c3b7'
System info: os.name: 'Windows 10', os.arch: 'amd64', os.version: '10.0', java.version: '17.0.6'
Driver info: org.openqa.selenium.edge.EdgeDriver
Command: [b75b234b93e8a4ef31850b47df12646b, get {url=https://qalegend.com/restaurant/login}]
Capabilities {acceptInsecureCerts: false, browserName: msedge, browserVersion: 111.0.1661.51, ms:edgeOptions: {debuggerAddress: localhost:57375}, msedge: {msedgedriverVersion: 111.0.1661.51 (5b30e0e79e57..., userDataDir: C:\Users\Thomas\AppData\Loc...}, networkConnectionEnabled: false, pageLoadStrategy: normal, platformName: WINDOWS, proxy: Proxy(), se:cdp: ws://localhost:57375/devtoo..., se:cdpVersion: 111.0.1661.51, setWindowRect: true, strictFileInteractability: false, timeouts: {implicit: 0, pageLoad: 300000, script: 30000}, unhandledPromptBehavior: dismiss and notify, webauthn:extension:credBlob: true, webauthn:extension:largeBlob: true, webauthn:extension:minPinLength: true, webauthn:extension:prf: true, webauthn:virtualAuthenticators: true}
Session ID: b75b234b93e8a4ef31850b47df12646b
at org.openqa.selenium.remote.codec.w3c.W3CHttpResponseCodec.createException(W3CHttpResponseCodec.java:200)
at org.openqa.selenium.remote.codec.w3c.W3CHttpResponseCodec.decode(W3CHttpResponseCodec.java:133)
at org.openqa.selenium.remote.codec.w3c.W3CHttpResponseCodec.decode(W3CHttpResponseCodec.java:53)
at org.openqa.selenium.remote.HttpCommandExecutor.execute(HttpCommandExecutor.java:184)
at org.openqa.selenium.remote.service.DriverCommandExecutor.invokeExecute(DriverCommandExecutor.java:167)
at org.openqa.selenium.remote.service.DriverCommandExecutor.execute(DriverCommandExecutor.java:142)
at org.openqa.selenium.remote.RemoteWebDriver.execute(RemoteWebDriver.java:535)
at org.openqa.selenium.remote.RemoteWebDriver.get(RemoteWebDriver.java:296)
at com.POS.BaseClass.BaseClass.launchApp(BaseClass.java:109)
at com.POS.BaseClass.BaseClass.beforeMethods(BaseClass.java:76)
at java.base/java.util.ArrayList.forEach(ArrayList.java:1511)
... Removed 36 stack frames]]>
    </failure>
  </testcase> <!-- @BeforeMethod beforeMethods -->
  <testcase classname="com.POS.BaseClass.BaseClass" name="@AfterMethod afterMethod" time="0.0">
    <skipped/>
  </testcase> <!-- @AfterMethod afterMethod -->
  <testcase classname="com.POS.BaseClass.BaseClass" name="@BeforeMethod beforeMethods" time="0.0">
    <skipped/>
  </testcase> <!-- @BeforeMethod beforeMethods -->
  <testcase classname="com.POS.BaseClass.BaseClass" name="@AfterMethod afterMethod" time="0.0">
    <skipped/>
  </testcase> <!-- @AfterMethod afterMethod -->
  <testcase classname="com.POS.BaseClass.BaseClass" name="@BeforeMethod beforeMethods" time="0.0">
    <skipped/>
  </testcase> <!-- @BeforeMethod beforeMethods -->
  <testcase classname="com.POS.BaseClass.BaseClass" name="@AfterMethod afterMethod" time="0.0">
    <skipped/>
  </testcase> <!-- @AfterMethod afterMethod -->
  <testcase classname="com.POS.BaseClass.BaseClass" name="@BeforeMethod beforeMethods" time="0.0">
    <skipped/>
  </testcase> <!-- @BeforeMethod beforeMethods -->
  <testcase classname="com.POS.BaseClass.BaseClass" name="@AfterMethod afterMethod" time="0.0">
    <skipped/>
  </testcase> <!-- @AfterMethod afterMethod -->
  <testcase classname="com.POS.TestCases.VerifyUserLoginTest" name="validateLogin" time="10.83"/>
  <testcase classname="com.POS.TestCases.VerifyUserLoginTest" name="validateAllLogin" time="1.496"/>
  <testcase classname="com.POS.TestCases.VerifyUserLoginTest" name="validateAllLogin" time="0.0">
    <skipped/>
  </testcase> <!-- validateAllLogin -->
  <testcase classname="com.POS.TestCases.VerifyUserLoginTest" name="validateAllLogin" time="0.0">
    <skipped/>
  </testcase> <!-- validateAllLogin -->
  <testcase classname="com.POS.TestCases.VerifyHomePageTest" name="validateElementsDisplay" time="0.0">
    <skipped/>
  </testcase> <!-- validateElementsDisplay -->
  <testcase classname="com.POS.TestCases.VerifyHomePageTest" name="validateLanguageSelection" time="0.001">
    <skipped/>
  </testcase> <!-- validateLanguageSelection -->
  <testcase classname="com.POS.TestCases.VerifyHomePageTest" name="validateMenuDisplay" time="0.0">
    <skipped/>
  </testcase> <!-- validateMenuDisplay -->
  <testcase classname="com.POS.TestCases.VerifyHomePageTest" name="validateMenuClick" time="0.0">
    <skipped/>
  </testcase> <!-- validateMenuClick -->
  <testcase classname="com.POS.TestCases.VerifyStoreTest" name="validateTableHeaders" time="38.148"/>
  <testcase classname="com.POS.TestCases.VerifyStoreTest" name="validateShowCount" time="11.291"/>
  <testcase classname="com.POS.TestCases.VerifyStoreTest" name="validateAddStore" time="18.194"/>
  <testcase classname="com.POS.TestCases.VerifyStoreTest" name="validateSearchStore" time="8.659"/>
  <testcase classname="com.POS.TestCases.VerifyStoreTest" name="validateEditStore" time="17.403"/>
  <testcase classname="com.POS.TestCases.VerifyStoreTest" name="validateStoreSorting" time="11.563"/>
  <testcase classname="com.POS.TestCases.VerifyStoreManageTest" name="validateAddStoreTable" time="35.054"/>
  <testcase classname="com.POS.TestCases.VerifyStoreManageTest" name="validateEditStoreTable" time="42.961"/>
  <testcase classname="com.POS.TestCases.VerifyStoreManageTest" name="validateDeleteStoreTbl" time="20.945"/>
  <testcase classname="com.POS.TestCases.VerifyStoreManageTest" name="validateDeleteZone" time="35.687"/>
  <testcase classname="com.POS.TestCases.VerifyStoreManageTest" name="validateDeleteStore" time="32.278"/>
  <testcase classname="com.POS.TestCases.VerifyProductPageTest" name="validateShowPdtTblCount" time="18.091"/>
  <testcase classname="com.POS.TestCases.VerifyProductPageTest" name="validateFilterBySupplier" time="18.069"/>
  <testcase classname="com.POS.TestCases.VerifyProductPageTest" name="validateFilterByPdtType" time="16.507"/>
  <testcase classname="com.POS.TestCases.VerifyProductPageTest" name="validateFilterBySupPdtType" time="31.283"/>
  <testcase classname="com.POS.TestCases.VerifyProductPageTest" name="validateDownloadCSV" time="23.695"/>
  <testcase classname="com.POS.TestCases.VerifyProductPageTest" name="validateUploadCSV" time="53.059"/>
  <testcase classname="com.POS.TestCases.VerifyProductPageTest" name="validatePrintMenu" time="24.166"/>
  <testcase classname="com.POS.TestCases.VerifyProductPageTest" name="validateAddProduct" time="37.96"/>
  <testcase classname="com.POS.TestCases.VerifyProductPageTest" name="validateSearchPdt" time="20.352"/>
  <testcase classname="com.POS.TestCases.VerifyCategoryTest" name="validateCatTblHeaders" time="13.682"/>
  <testcase classname="com.POS.TestCases.VerifyCategoryTest" name="validateAddCategory" time="13.218"/>
  <testcase classname="com.POS.TestCases.VerifySettingsTest" name="validateAddUser" time="16.778"/>
  <testcase classname="com.POS.TestCases.VerifyWaiterTest" name="validateShowCount" time="9.153"/>
  <testcase classname="com.POS.TestCases.VerifyWaiterTest" name="validateAddWaiter" time="14.366"/>
  <testcase classname="com.POS.TestCases.VerifyWaiterTest" name="validateSearchWaiter" time="10.123"/>
  <testcase classname="com.POS.TestCases.VerifyWaiterTest" name="validateEditWaiter" time="18.977"/>
  <testcase classname="com.POS.BaseClass.BaseClass" name="@BeforeSuite loadFiles" time="0.0">
    <ignored/>
  </testcase> <!-- @BeforeSuite loadFiles -->
  <testcase classname="com.POS.BaseClass.BaseClass" name="@BeforeSuite loadFiles" time="0.0">
    <ignored/>
  </testcase> <!-- @BeforeSuite loadFiles -->
  <testcase classname="com.POS.BaseClass.BaseClass" name="@BeforeTest loadConfig" time="0.0">
    <ignored/>
  </testcase> <!-- @BeforeTest loadConfig -->
  <testcase classname="com.POS.TestCases.VerifyStoreManageTest" name="validateAddZone" time="0.0">
    <ignored/>
  </testcase> <!-- validateAddZone -->
  <testcase classname="com.POS.BaseClass.BaseClass" name="@BeforeTest loadConfig" time="0.0">
    <ignored/>
  </testcase> <!-- @BeforeTest loadConfig -->
  <testcase classname="com.POS.BaseClass.BaseClass" name="@BeforeTest loadConfig" time="0.0">
    <ignored/>
  </testcase> <!-- @BeforeTest loadConfig -->
  <testcase classname="com.POS.BaseClass.BaseClass" name="@BeforeSuite loadFiles" time="0.0">
    <ignored/>
  </testcase> <!-- @BeforeSuite loadFiles -->
  <testcase classname="com.POS.BaseClass.BaseClass" name="@AfterSuite tearDown" time="0.0">
    <ignored/>
  </testcase> <!-- @AfterSuite tearDown -->
  <testcase classname="com.POS.BaseClass.BaseClass" name="@BeforeSuite loadFiles" time="0.0">
    <ignored/>
  </testcase> <!-- @BeforeSuite loadFiles -->
  <testcase classname="com.POS.BaseClass.BaseClass" name="@AfterSuite tearDown" time="0.0">
    <ignored/>
  </testcase> <!-- @AfterSuite tearDown -->
  <testcase classname="com.POS.BaseClass.BaseClass" name="@BeforeTest loadConfig" time="0.0">
    <ignored/>
  </testcase> <!-- @BeforeTest loadConfig -->
  <testcase classname="com.POS.BaseClass.BaseClass" name="@AfterSuite tearDown" time="0.0">
    <ignored/>
  </testcase> <!-- @AfterSuite tearDown -->
  <testcase classname="com.POS.BaseClass.BaseClass" name="@AfterSuite tearDown" time="0.0">
    <ignored/>
  </testcase> <!-- @AfterSuite tearDown -->
  <testcase classname="com.POS.BaseClass.BaseClass" name="@BeforeSuite loadFiles" time="0.0">
    <ignored/>
  </testcase> <!-- @BeforeSuite loadFiles -->
  <testcase classname="com.POS.BaseClass.BaseClass" name="@BeforeTest loadConfig" time="0.0">
    <ignored/>
  </testcase> <!-- @BeforeTest loadConfig -->
  <testcase classname="com.POS.BaseClass.BaseClass" name="@AfterSuite tearDown" time="0.0">
    <ignored/>
  </testcase> <!-- @AfterSuite tearDown -->
  <testcase classname="com.POS.BaseClass.BaseClass" name="@BeforeSuite loadFiles" time="0.0">
    <ignored/>
  </testcase> <!-- @BeforeSuite loadFiles -->
  <testcase classname="com.POS.TestCases.VerifyStoreManageTest" name="validateEditZone" time="0.0">
    <ignored/>
  </testcase> <!-- validateEditZone -->
  <testcase classname="com.POS.BaseClass.BaseClass" name="@BeforeSuite loadFiles" time="0.0">
    <ignored/>
  </testcase> <!-- @BeforeSuite loadFiles -->
  <testcase classname="com.POS.BaseClass.BaseClass" name="@AfterSuite tearDown" time="0.0">
    <ignored/>
  </testcase> <!-- @AfterSuite tearDown -->
  <testcase classname="com.POS.BaseClass.BaseClass" name="@BeforeTest loadConfig" time="0.0">
    <ignored/>
  </testcase> <!-- @BeforeTest loadConfig -->
  <testcase classname="com.POS.BaseClass.BaseClass" name="@BeforeTest loadConfig" time="0.0">
    <ignored/>
  </testcase> <!-- @BeforeTest loadConfig -->
  <testcase classname="com.POS.BaseClass.BaseClass" name="@AfterSuite tearDown" time="0.0">
    <ignored/>
  </testcase> <!-- @AfterSuite tearDown -->
</testsuite> <!-- QALegendTest -->
